C51 COMPILER V7.10   TIME                                                                  12/18/2015 16:50:45 PAGE 1   


C51 COMPILER V7.10, COMPILATION OF MODULE TIME
OBJECT MODULE PLACED IN .\time.obj
COMPILER INVOKED BY: C:\Keil\C51\BIN\C51.EXE ..\time.c BROWSE DEBUG OBJECTEXTEND OBJECT(.\time.obj)

line level    source

   1          #include "time.h"
   2          #include "ver.h"
   3          
   4          void pdelay(char t)
   5          {
   6   1              while(t!=0){
   7   2                      t--;
   8   2              }  
   9   1      }
  10          
  11          //100us进一次中断
  12          void Timer0_ISR() interrupt 1
  13          {
  14   1      
  15   1              timer0_xbase++;
  16   1              if(timer0_xbase==10){
  17   2                      timer0_xbase=0;
  18   2      
  19   2                      if(mt7681_wdt)
  20   2                              mt7681_wdt--;
  21   2      
  22   2                      if(Timer_Delay1)
  23   2                              Timer_Delay1--; 
  24   2              }       
  25   1      }
  26          
  27          void Wait_mSec(uint16 x){
  28   1              
  29   1              Timer_Delay1 = x;
  30   1              while(Timer_Delay1);
  31   1      }


MODULE INFORMATION:   STATIC OVERLAYABLE
   CODE SIZE        =     65    ----
   CONSTANT SIZE    =   ----    ----
   XDATA SIZE       =   ----    ----
   PDATA SIZE       =   ----    ----
   DATA SIZE        =   ----    ----
   IDATA SIZE       =   ----    ----
   BIT SIZE         =   ----    ----
END OF MODULE INFORMATION.


C51 COMPILATION COMPLETE.  0 WARNING(S),  0 ERROR(S)
