C51 COMPILER V7.10   UART                                                                  12/18/2015 16:50:06 PAGE 1   


C51 COMPILER V7.10, COMPILATION OF MODULE UART
OBJECT MODULE PLACED IN .\uart.obj
COMPILER INVOKED BY: C:\Keil\C51\BIN\C51.EXE ..\uart.c BROWSE DEBUG OBJECTEXTEND OBJECT(.\uart.obj)

line level    source

   1          #include <GPM8F2202.h>
   2          //#include "xstring.h"
   3          #include "uart.h"
   4          #include "ver.h"
   5          
   6          void uart_send(uint8 tx_buff[],uint8 len)
   7          {
   8   1              uint8 i;
   9   1              ES = 0;
  10   1              
  11   1              for(i=0;i<len;i++)
  12   1              {
  13   2                      SBUF = tx_buff[i];
  14   2                      while(!TI);
  15   2                      TI=0;
  16   2              }
  17   1              ES = 1; 
  18   1      }
  19          
  20          void Uart_ISR() interrupt 4
  21          {
  22   1              RI = 0;                                                         //UART Recept Flag is clean by firmware( Write 0 to clean)      
  23   1              rx_SBUFF = SBUF;
  24   1              if(rx_SBUFF == '#'){
  25   2                      if(cmd_flag == 0){
  26   3                              rx_buff[0] = '#';
  27   3                              rx_index = 1;
  28   3                              cmd_flag = 1;
  29   3                      }else{
  30   3                              cmd_flag = 0;
  31   3                              if(rx_index == 17){
  32   4                                      rx_buff[17] = '#';
  33   4                                      rx_complete=1;
  34   4                                      rx_index = 0;
  35   4                              }else{
  36   4                                      rx_buff[0] = '#';
  37   4                                      rx_index = 1;
  38   4                                      cmd_flag = 1;
  39   4                              }
  40   3                      }
  41   2              }else if(cmd_flag == 1){
  42   2                      if(rx_index > 16){
  43   3                              cmd_flag = 0;
  44   3                              rx_index = 0;
  45   3                              return;
  46   3                      }
  47   2                      rx_buff[rx_index ++] = rx_SBUFF;
  48   2              }
  49   1      
  50   1              mt7681_wdt=10000;       
  51   1      }
  52          


MODULE INFORMATION:   STATIC OVERLAYABLE
C51 COMPILER V7.10   UART                                                                  12/18/2015 16:50:06 PAGE 2   

   CODE SIZE        =    138    ----
   CONSTANT SIZE    =   ----    ----
   XDATA SIZE       =   ----    ----
   PDATA SIZE       =   ----    ----
   DATA SIZE        =   ----       3
   IDATA SIZE       =   ----    ----
   BIT SIZE         =   ----    ----
END OF MODULE INFORMATION.


C51 COMPILATION COMPLETE.  0 WARNING(S),  0 ERROR(S)
